<?xml version="1.0" encoding="UTF-8"?>
<testsuite xmlns:xsi="http://www.w3.org/2001/XMLSchema-instance" xsi:noNamespaceSchemaLocation="https://maven.apache.org/surefire/maven-surefire-plugin/xsd/surefire-test-report.xsd" version="3.0.2" name="com.example.payment.PaymentApplicationTests" time="2.078" tests="1" errors="0" skipped="0" failures="0">
  <properties>
[...]
</properties>
  <testcase name="contextLoads" classname="com.example.payment.PaymentApplicationTests" time="0.366">
    <system-out><![CDATA[07:49:39.444 [main] INFO org.springframework.test.context.support.AnnotationConfigContextLoaderUtils -- Could not detect default configuration classes for test class [com.example.payment.PaymentApplicationTests]: PaymentApplicationTests does not declare any static, non-private, non-final, nested classes annotated with @Configuration.
07:49:39.498 [main] INFO org.springframework.boot.test.context.SpringBootTestContextBootstrapper -- Found @SpringBootConfiguration com.example.payment.PaymentApplication for test class com.example.payment.PaymentApplicationTests

  .   ____          _            __ _ _
 /\\ / ___'_ __ _ _(_)_ __  __ _ \ \ \ \
( ( )\___ | '_ | '_| | '_ \/ _` | \ \ \ \
 \\/  ___)| |_)| | | | | || (_| |  ) ) ) )
  '  |____| .__|_| |_|_| |_\__, | / / / /
 =========|_|==============|___/=/_/_/_/

 :: Spring Boot ::                (v3.5.4)

2026-08-23T07:49:39.679-04:00  INFO 97260 --- [           main] c.e.payment.PaymentApplicationTests      : Starting PaymentApplicationTests using Java 26.0.2.1 with PID 97260 (started by swapnja in /Users/swapnja/Downloads/payment-lld-spring-boot)
2026-08-23T07:49:39.679-04:00  INFO 97260 --- [           main] c.e.payment.PaymentApplicationTests      : No active profile set, falling back to 1 default profile: "default"
2026-08-23T07:49:40.025-04:00  INFO 97260 --- [           main] .s.d.r.c.RepositoryConfigurationDelegate : Bootstrapping Spring Data JPA repositories in DEFAULT mode.
2026-08-23T07:49:40.035-04:00  INFO 97260 --- [           main] .s.d.r.c.RepositoryConfigurationDelegate : Finished Spring Data repository scanning in 5 ms. Found 0 JPA repository interfaces.
2026-08-23T07:49:40.191-04:00  INFO 97260 --- [           main] o.hibernate.jpa.internal.util.LogHelper  : HHH000204: Processing PersistenceUnitInfo [name: default]
2026-08-23T07:49:40.224-04:00  INFO 97260 --- [           main] org.hibernate.Version                    : HHH000412: Hibernate ORM core version 6.6.22.Final
2026-08-23T07:49:40.241-04:00  INFO 97260 --- [           main] o.h.c.internal.RegionFactoryInitiator    : HHH000026: Second-level cache disabled
2026-08-23T07:49:40.407-04:00  INFO 97260 --- [           main] o.s.o.j.p.SpringPersistenceUnitInfo      : No LoadTimeWeaver setup: ignoring JPA class transformer
2026-08-23T07:49:40.426-04:00  INFO 97260 --- [           main] com.zaxxer.hikari.HikariDataSource       : HikariPool-1 - Starting...
2026-08-23T07:49:40.534-04:00  INFO 97260 --- [           main] com.zaxxer.hikari.pool.HikariPool        : HikariPool-1 - Added connection conn0: url=jdbc:h2:mem:paymentdb user=SA
2026-08-23T07:49:40.535-04:00  INFO 97260 --- [           main] com.zaxxer.hikari.HikariDataSource       : HikariPool-1 - Start completed.
2026-08-23T07:49:40.562-04:00  INFO 97260 --- [           main] org.hibernate.orm.connections.pooling    : HHH10001005: Database info:
	Database JDBC URL [Connecting through datasource 'HikariDataSource (HikariPool-1)']
	Database driver: undefined/unknown
	Database version: 2.3.232
	Autocommit mode: undefined/unknown
	Isolation level: undefined/unknown
	Minimum pool size: undefined/unknown
	Maximum pool size: undefined/unknown
2026-08-23T07:49:40.701-04:00  INFO 97260 --- [           main] o.h.e.t.j.p.i.JtaPlatformInitiator       : HHH000489: No JTA platform available (set 'hibernate.transaction.jta.platform' to enable JTA platform integration)
2026-08-23T07:49:40.702-04:00  INFO 97260 --- [           main] j.LocalContainerEntityManagerFactoryBean : Initialized JPA EntityManagerFactory for persistence unit 'default'
2026-08-23T07:49:40.803-04:00  WARN 97260 --- [           main] JpaBaseConfiguration$JpaWebConfiguration : spring.jpa.open-in-view is enabled by default. Therefore, database queries may be performed during view rendering. Explicitly configure spring.jpa.open-in-view to disable this warning
2026-08-23T07:49:41.021-04:00  INFO 97260 --- [           main] o.s.b.a.h2.H2ConsoleAutoConfiguration    : H2 console available at '/h2-console'. Database available at 'jdbc:h2:mem:paymentdb'
2026-08-23T07:49:41.078-04:00  INFO 97260 --- [           main] c.e.payment.PaymentApplicationTests      : Started PaymentApplicationTests in 1.52 seconds (process running for 1.896)
]]></system-out>
    <system-err><![CDATA[Mockito is currently self-attaching to enable the inline-mock-maker. This will no longer work in future releases of the JDK. Please add Mockito as an agent to your build as described in Mockito's documentation: https://javadoc.io/doc/org.mockito/mockito-core/latest/org.mockito/org/mockito/Mockito.html#0.3
WARNING: A Java agent has been loaded dynamically (/Users/swapnja/.m2/repository/net/bytebuddy/byte-buddy-agent/1.17.6/byte-buddy-agent-1.17.6.jar)
WARNING: If a serviceability tool is in use, please run with -XX:+EnableDynamicAgentLoading to hide this warning
WARNING: If a serviceability tool is not in use, please run with -Djdk.instrument.traceUsage for more information
WARNING: Dynamic loading of agents will be disallowed by default in a future release
]]></system-err>
  </testcase>
</testsuite>